<?xml version="1.0" encoding="UTF-8"?>
<coverage generated="1533289113632" clover="3.2.0">
  <project timestamp="1533289113632" name="All files">
    <metrics statements="142" coveredstatements="123" conditionals="36" coveredconditionals="33" methods="27" coveredmethods="22" elements="205" coveredelements="178" complexity="0" loc="142" ncloc="142" packages="5" files="8" classes="8">
      <package name="4">
        <metrics statements="23" coveredstatements="21" conditionals="0" coveredconditionals="0" methods="4" coveredmethods="2"/>
        <file name="index.js" path="/home/change/dev/koulu/FullstackMOOC/4/index.js">
          <metrics statements="23" coveredstatements="21" conditionals="0" coveredconditionals="0" methods="4" coveredmethods="2"/>
          <line num="1" count="2" type="stmt"/>
          <line num="2" count="2" type="stmt"/>
          <line num="3" count="2" type="stmt"/>
          <line num="4" count="2" type="stmt"/>
          <line num="5" count="2" type="stmt"/>
          <line num="6" count="2" type="stmt"/>
          <line num="7" count="2" type="stmt"/>
          <line num="8" count="2" type="stmt"/>
          <line num="10" count="2" type="stmt"/>
          <line num="11" count="2" type="stmt"/>
          <line num="12" count="2" type="stmt"/>
          <line num="13" count="2" type="stmt"/>
          <line num="14" count="2" type="stmt"/>
          <line num="16" count="2" type="stmt"/>
          <line num="18" count="2" type="stmt"/>
          <line num="21" count="0" type="stmt"/>
          <line num="24" count="2" type="stmt"/>
          <line num="26" count="2" type="stmt"/>
          <line num="28" count="2" type="stmt"/>
          <line num="29" count="1" type="stmt"/>
          <line num="32" count="2" type="stmt"/>
          <line num="33" count="0" type="stmt"/>
          <line num="36" count="2" type="stmt"/>
        </file>
      </package>
      <package name="4.controllers">
        <metrics statements="54" coveredstatements="37" conditionals="12" coveredconditionals="12" methods="7" coveredmethods="4"/>
        <file name="blogs.js" path="/home/change/dev/koulu/FullstackMOOC/4/controllers/blogs.js">
          <metrics statements="32" coveredstatements="19" conditionals="6" coveredconditionals="6" methods="5" coveredmethods="3"/>
          <line num="1" count="2" type="stmt"/>
          <line num="2" count="2" type="stmt"/>
          <line num="4" count="2" type="stmt"/>
          <line num="5" count="14" type="stmt"/>
          <line num="14" count="2" type="stmt"/>
          <line num="15" count="2" type="stmt"/>
          <line num="16" count="2" type="stmt"/>
          <line num="20" count="2" type="stmt"/>
          <line num="21" count="3" type="stmt"/>
          <line num="22" count="3" type="stmt"/>
          <line num="23" count="3" type="cond" truecount="2" falsecount="0"/>
          <line num="24" count="2" type="stmt"/>
          <line num="26" count="3" type="cond" truecount="4" falsecount="0"/>
          <line num="27" count="1" type="stmt"/>
          <line num="29" count="2" type="stmt"/>
          <line num="30" count="2" type="stmt"/>
          <line num="32" count="0" type="stmt"/>
          <line num="33" count="0" type="stmt"/>
          <line num="38" count="2" type="stmt"/>
          <line num="39" count="0" type="stmt"/>
          <line num="40" count="0" type="stmt"/>
          <line num="43" count="0" type="stmt"/>
          <line num="45" count="0" type="stmt"/>
          <line num="49" count="2" type="stmt"/>
          <line num="50" count="0" type="stmt"/>
          <line num="51" count="0" type="stmt"/>
          <line num="52" count="0" type="stmt"/>
          <line num="53" count="0" type="stmt"/>
          <line num="55" count="0" type="stmt"/>
          <line num="57" count="0" type="stmt"/>
          <line num="58" count="0" type="stmt"/>
          <line num="62" count="2" type="stmt"/>
        </file>
        <file name="users.js" path="/home/change/dev/koulu/FullstackMOOC/4/controllers/users.js">
          <metrics statements="22" coveredstatements="18" conditionals="6" coveredconditionals="6" methods="2" coveredmethods="1"/>
          <line num="1" count="2" type="stmt"/>
          <line num="2" count="2" type="stmt"/>
          <line num="3" count="2" type="stmt"/>
          <line num="5" count="2" type="stmt"/>
          <line num="6" count="3" type="stmt"/>
          <line num="7" count="3" type="stmt"/>
          <line num="9" count="3" type="stmt"/>
          <line num="10" count="3" type="stmt"/>
          <line num="12" count="3" type="cond" truecount="2" falsecount="0"/>
          <line num="13" count="1" type="stmt"/>
          <line num="16" count="3" type="stmt"/>
          <line num="17" count="3" type="cond" truecount="2" falsecount="0"/>
          <line num="18" count="1" type="stmt"/>
          <line num="20" count="2" type="stmt"/>
          <line num="27" count="2" type="stmt"/>
          <line num="29" count="1" type="stmt"/>
          <line num="31" count="0" type="stmt"/>
          <line num="32" count="0" type="stmt"/>
          <line num="36" count="2" type="stmt"/>
          <line num="37" count="0" type="stmt"/>
          <line num="40" count="0" type="stmt"/>
          <line num="42" count="2" type="stmt"/>
        </file>
      </package>
      <package name="4.models">
        <metrics statements="6" coveredstatements="6" conditionals="0" coveredconditionals="0" methods="0" coveredmethods="0"/>
        <file name="blog.js" path="/home/change/dev/koulu/FullstackMOOC/4/models/blog.js">
          <metrics statements="3" coveredstatements="3" conditionals="0" coveredconditionals="0" methods="0" coveredmethods="0"/>
          <line num="1" count="2" type="stmt"/>
          <line num="3" count="2" type="stmt"/>
          <line num="10" count="2" type="stmt"/>
        </file>
        <file name="user.js" path="/home/change/dev/koulu/FullstackMOOC/4/models/user.js">
          <metrics statements="3" coveredstatements="3" conditionals="0" coveredconditionals="0" methods="0" coveredmethods="0"/>
          <line num="1" count="2" type="stmt"/>
          <line num="3" count="2" type="stmt"/>
          <line num="11" count="2" type="stmt"/>
        </file>
      </package>
      <package name="4.tests">
        <metrics statements="12" coveredstatements="12" conditionals="0" coveredconditionals="0" methods="3" coveredmethods="3"/>
        <file name="test_helper.js" path="/home/change/dev/koulu/FullstackMOOC/4/tests/test_helper.js">
          <metrics statements="12" coveredstatements="12" conditionals="0" coveredconditionals="0" methods="3" coveredmethods="3"/>
          <line num="1" count="2" type="stmt"/>
          <line num="2" count="2" type="stmt"/>
          <line num="4" count="2" type="stmt"/>
          <line num="55" count="2" type="stmt"/>
          <line num="56" count="28" type="stmt"/>
          <line num="65" count="2" type="stmt"/>
          <line num="66" count="4" type="stmt"/>
          <line num="67" count="4" type="stmt"/>
          <line num="70" count="2" type="stmt"/>
          <line num="71" count="6" type="stmt"/>
          <line num="72" count="6" type="stmt"/>
          <line num="75" count="2" type="stmt"/>
        </file>
      </package>
      <package name="4.utils">
        <metrics statements="47" coveredstatements="47" conditionals="24" coveredconditionals="21" methods="13" coveredmethods="13"/>
        <file name="config.js" path="/home/change/dev/koulu/FullstackMOOC/4/utils/config.js">
          <metrics statements="8" coveredstatements="8" conditionals="4" coveredconditionals="2" methods="0" coveredmethods="0"/>
          <line num="1" count="2" type="cond" truecount="1" falsecount="1"/>
          <line num="2" count="2" type="stmt"/>
          <line num="5" count="2" type="stmt"/>
          <line num="6" count="2" type="stmt"/>
          <line num="8" count="2" type="cond" truecount="1" falsecount="1"/>
          <line num="9" count="2" type="stmt"/>
          <line num="10" count="2" type="stmt"/>
          <line num="13" count="2" type="stmt"/>
        </file>
        <file name="list_helpers.js" path="/home/change/dev/koulu/FullstackMOOC/4/utils/list_helpers.js">
          <metrics statements="39" coveredstatements="39" conditionals="20" coveredconditionals="19" methods="13" coveredmethods="13"/>
          <line num="1" count="1" type="stmt"/>
          <line num="2" count="1" type="stmt"/>
          <line num="5" count="1" type="stmt"/>
          <line num="6" count="3" type="stmt"/>
          <line num="7" count="7" type="stmt"/>
          <line num="9" count="3" type="stmt"/>
          <line num="12" count="1" type="stmt"/>
          <line num="13" count="2" type="stmt"/>
          <line num="14" count="6" type="cond" truecount="2" falsecount="0"/>
          <line num="15" count="1" type="stmt"/>
          <line num="16" count="5" type="cond" truecount="2" falsecount="0"/>
          <line num="17" count="1" type="stmt"/>
          <line num="19" count="4" type="stmt"/>
          <line num="21" count="2" type="stmt"/>
          <line num="24" count="1" type="stmt"/>
          <line num="25" count="2" type="cond" truecount="2" falsecount="0"/>
          <line num="26" count="1" type="stmt"/>
          <line num="28" count="1" type="stmt"/>
          <line num="29" count="6" type="cond" truecount="2" falsecount="0"/>
          <line num="30" count="6" type="stmt"/>
          <line num="34" count="2" type="cond" truecount="1" falsecount="1"/>
          <line num="36" count="1" type="stmt"/>
          <line num="37" count="3" type="stmt"/>
          <line num="39" count="1" type="stmt"/>
          <line num="40" count="3" type="cond" truecount="2" falsecount="0"/>
          <line num="41" count="1" type="stmt"/>
          <line num="45" count="1" type="stmt"/>
          <line num="46" count="2" type="cond" truecount="2" falsecount="0"/>
          <line num="47" count="1" type="stmt"/>
          <line num="49" count="1" type="stmt"/>
          <line num="50" count="6" type="stmt"/>
          <line num="52" count="6" type="stmt"/>
          <line num="56" count="2" type="cond" truecount="2" falsecount="0"/>
          <line num="58" count="1" type="stmt"/>
          <line num="59" count="3" type="stmt"/>
          <line num="61" count="1" type="stmt"/>
          <line num="62" count="2" type="cond" truecount="2" falsecount="0"/>
          <line num="63" count="1" type="stmt"/>
          <line num="67" count="1" type="stmt"/>
        </file>
      </package>
    </metrics>
  </project>
</coverage>
