{"/home/change/dev/koulu/FullstackMOOC/4/index.js": {"path":"/home/change/dev/koulu/FullstackMOOC/4/index.js","statementMap":{"0":{"start":{"line":1,"column":13},"end":{"line":1,"column":28}},"1":{"start":{"line":2,"column":16},"end":{"line":2,"column":34}},"2":{"start":{"line":3,"column":19},"end":{"line":3,"column":41}},"3":{"start":{"line":4,"column":13},"end":{"line":4,"column":28}},"4":{"start":{"line":5,"column":17},"end":{"line":5,"column":36}},"5":{"start":{"line":6,"column":20},"end":{"line":6,"column":50}},"6":{"start":{"line":7,"column":15},"end":{"line":7,"column":40}},"7":{"start":{"line":8,"column":20},"end":{"line":8,"column":50}},"8":{"start":{"line":10,"column":12},"end":{"line":10,"column":21}},"9":{"start":{"line":11,"column":0},"end":{"line":11,"column":15}},"10":{"start":{"line":12,"column":0},"end":{"line":12,"column":26}},"11":{"start":{"line":13,"column":0},"end":{"line":13,"column":34}},"12":{"start":{"line":14,"column":0},"end":{"line":14,"column":34}},"13":{"start":{"line":16,"column":0},"end":{"line":22,"column":4}},"14":{"start":{"line":18,"column":4},"end":{"line":18,"column":55}},"15":{"start":{"line":21,"column":4},"end":{"line":21,"column":18}},"16":{"start":{"line":24,"column":13},"end":{"line":24,"column":24}},"17":{"start":{"line":26,"column":15},"end":{"line":26,"column":37}},"18":{"start":{"line":28,"column":0},"end":{"line":30,"column":2}},"19":{"start":{"line":29,"column":2},"end":{"line":29,"column":47}},"20":{"start":{"line":32,"column":0},"end":{"line":34,"column":2}},"21":{"start":{"line":33,"column":2},"end":{"line":33,"column":29}},"22":{"start":{"line":36,"column":0},"end":{"line":38,"column":1}}},"fnMap":{"0":{"name":"(anonymous_0)","decl":{"start":{"line":17,"column":9},"end":{"line":17,"column":10}},"loc":{"start":{"line":17,"column":15},"end":{"line":19,"column":3}},"line":17},"1":{"name":"(anonymous_1)","decl":{"start":{"line":20,"column":10},"end":{"line":20,"column":11}},"loc":{"start":{"line":20,"column":17},"end":{"line":22,"column":3}},"line":20},"2":{"name":"(anonymous_2)","decl":{"start":{"line":28,"column":20},"end":{"line":28,"column":21}},"loc":{"start":{"line":28,"column":26},"end":{"line":30,"column":1}},"line":28},"3":{"name":"(anonymous_3)","decl":{"start":{"line":32,"column":20},"end":{"line":32,"column":21}},"loc":{"start":{"line":32,"column":26},"end":{"line":34,"column":1}},"line":32}},"branchMap":{},"s":{"0":2,"1":2,"2":2,"3":2,"4":2,"5":2,"6":2,"7":2,"8":2,"9":2,"10":2,"11":2,"12":2,"13":2,"14":2,"15":0,"16":2,"17":2,"18":2,"19":1,"20":2,"21":0,"22":2},"f":{"0":2,"1":0,"2":1,"3":0},"b":{},"_coverageSchema":"332fd63041d2c1bcb487cc26dd0d5f7d97098a6c","hash":"4d8133c6fe7619c028bd44f98e466cdb0e441059"}
,"/home/change/dev/koulu/FullstackMOOC/4/controllers/blogs.js": {"path":"/home/change/dev/koulu/FullstackMOOC/4/controllers/blogs.js","statementMap":{"0":{"start":{"line":1,"column":20},"end":{"line":1,"column":47}},"1":{"start":{"line":2,"column":13},"end":{"line":2,"column":38}},"2":{"start":{"line":4,"column":19},"end":{"line":12,"column":1}},"3":{"start":{"line":5,"column":4},"end":{"line":11,"column":4}},"4":{"start":{"line":14,"column":0},"end":{"line":17,"column":2}},"5":{"start":{"line":15,"column":16},"end":{"line":15,"column":35}},"6":{"start":{"line":16,"column":2},"end":{"line":16,"column":38}},"7":{"start":{"line":20,"column":0},"end":{"line":35,"column":2}},"8":{"start":{"line":21,"column":2},"end":{"line":34,"column":3}},"9":{"start":{"line":22,"column":17},"end":{"line":22,"column":39}},"10":{"start":{"line":23,"column":4},"end":{"line":25,"column":5}},"11":{"start":{"line":24,"column":6},"end":{"line":24,"column":20}},"12":{"start":{"line":26,"column":4},"end":{"line":28,"column":5}},"13":{"start":{"line":27,"column":6},"end":{"line":27,"column":71}},"14":{"start":{"line":29,"column":22},"end":{"line":29,"column":39}},"15":{"start":{"line":30,"column":4},"end":{"line":30,"column":35}},"16":{"start":{"line":32,"column":4},"end":{"line":32,"column":24}},"17":{"start":{"line":33,"column":4},"end":{"line":33,"column":64}},"18":{"start":{"line":38,"column":0},"end":{"line":47,"column":2}},"19":{"start":{"line":39,"column":2},"end":{"line":46,"column":3}},"20":{"start":{"line":40,"column":4},"end":{"line":42,"column":15}},"21":{"start":{"line":43,"column":4},"end":{"line":43,"column":30}},"22":{"start":{"line":45,"column":5},"end":{"line":45,"column":20}},"23":{"start":{"line":49,"column":0},"end":{"line":60,"column":2}},"24":{"start":{"line":50,"column":15},"end":{"line":50,"column":27}},"25":{"start":{"line":51,"column":3},"end":{"line":51,"column":29}},"26":{"start":{"line":52,"column":2},"end":{"line":59,"column":3}},"27":{"start":{"line":53,"column":16},"end":{"line":54,"column":62}},"28":{"start":{"line":55,"column":3},"end":{"line":55,"column":34}},"29":{"start":{"line":57,"column":4},"end":{"line":57,"column":18}},"30":{"start":{"line":58,"column":4},"end":{"line":58,"column":54}},"31":{"start":{"line":62,"column":0},"end":{"line":62,"column":28}}},"fnMap":{"0":{"name":"(anonymous_0)","decl":{"start":{"line":4,"column":19},"end":{"line":4,"column":20}},"loc":{"start":{"line":4,"column":29},"end":{"line":12,"column":1}},"line":4},"1":{"name":"(anonymous_1)","decl":{"start":{"line":14,"column":21},"end":{"line":14,"column":22}},"loc":{"start":{"line":14,"column":50},"end":{"line":17,"column":1}},"line":14},"2":{"name":"(anonymous_2)","decl":{"start":{"line":20,"column":22},"end":{"line":20,"column":23}},"loc":{"start":{"line":20,"column":51},"end":{"line":35,"column":1}},"line":20},"3":{"name":"(anonymous_3)","decl":{"start":{"line":38,"column":27},"end":{"line":38,"column":28}},"loc":{"start":{"line":38,"column":56},"end":{"line":47,"column":1}},"line":38},"4":{"name":"(anonymous_4)","decl":{"start":{"line":49,"column":24},"end":{"line":49,"column":25}},"loc":{"start":{"line":49,"column":53},"end":{"line":60,"column":1}},"line":49}},"branchMap":{"0":{"loc":{"start":{"line":23,"column":4},"end":{"line":25,"column":5}},"type":"if","locations":[{"start":{"line":23,"column":4},"end":{"line":25,"column":5}},{"start":{"line":23,"column":4},"end":{"line":25,"column":5}}],"line":23},"1":{"loc":{"start":{"line":26,"column":4},"end":{"line":28,"column":5}},"type":"if","locations":[{"start":{"line":26,"column":4},"end":{"line":28,"column":5}},{"start":{"line":26,"column":4},"end":{"line":28,"column":5}}],"line":26},"2":{"loc":{"start":{"line":26,"column":7},"end":{"line":26,"column":56}},"type":"binary-expr","locations":[{"start":{"line":26,"column":7},"end":{"line":26,"column":31}},{"start":{"line":26,"column":35},"end":{"line":26,"column":56}}],"line":26}},"s":{"0":2,"1":2,"2":2,"3":14,"4":2,"5":2,"6":2,"7":2,"8":3,"9":3,"10":3,"11":2,"12":3,"13":1,"14":2,"15":2,"16":0,"17":0,"18":2,"19":0,"20":0,"21":0,"22":0,"23":2,"24":0,"25":0,"26":0,"27":0,"28":0,"29":0,"30":0,"31":2},"f":{"0":14,"1":2,"2":3,"3":0,"4":0},"b":{"0":[2,1],"1":[1,2],"2":[3,2]},"_coverageSchema":"332fd63041d2c1bcb487cc26dd0d5f7d97098a6c","hash":"ebe0342ba4e7d37e4d4eadd43e9b599fc13cc2df"}
,"/home/change/dev/koulu/FullstackMOOC/4/controllers/users.js": {"path":"/home/change/dev/koulu/FullstackMOOC/4/controllers/users.js","statementMap":{"0":{"start":{"line":1,"column":15},"end":{"line":1,"column":32}},"1":{"start":{"line":2,"column":20},"end":{"line":2,"column":47}},"2":{"start":{"line":3,"column":13},"end":{"line":3,"column":38}},"3":{"start":{"line":5,"column":0},"end":{"line":34,"column":2}},"4":{"start":{"line":6,"column":2},"end":{"line":33,"column":3}},"5":{"start":{"line":7,"column":17},"end":{"line":7,"column":25}},"6":{"start":{"line":9,"column":23},"end":{"line":9,"column":25}},"7":{"start":{"line":10,"column":25},"end":{"line":10,"column":69}},"8":{"start":{"line":12,"column":4},"end":{"line":15,"column":5}},"9":{"start":{"line":13,"column":8},"end":{"line":14,"column":63}},"10":{"start":{"line":16,"column":25},"end":{"line":16,"column":67}},"11":{"start":{"line":17,"column":4},"end":{"line":19,"column":5}},"12":{"start":{"line":18,"column":8},"end":{"line":18,"column":73}},"13":{"start":{"line":20,"column":17},"end":{"line":25,"column":6}},"14":{"start":{"line":27,"column":22},"end":{"line":27,"column":39}},"15":{"start":{"line":29,"column":4},"end":{"line":29,"column":23}},"16":{"start":{"line":31,"column":4},"end":{"line":31,"column":18}},"17":{"start":{"line":32,"column":4},"end":{"line":32,"column":59}},"18":{"start":{"line":36,"column":0},"end":{"line":41,"column":2}},"19":{"start":{"line":37,"column":16},"end":{"line":38,"column":13}},"20":{"start":{"line":40,"column":4},"end":{"line":40,"column":19}},"21":{"start":{"line":42,"column":0},"end":{"line":42,"column":28}}},"fnMap":{"0":{"name":"(anonymous_0)","decl":{"start":{"line":5,"column":22},"end":{"line":5,"column":23}},"loc":{"start":{"line":5,"column":42},"end":{"line":34,"column":1}},"line":5},"1":{"name":"(anonymous_1)","decl":{"start":{"line":36,"column":21},"end":{"line":36,"column":22}},"loc":{"start":{"line":36,"column":41},"end":{"line":41,"column":1}},"line":36}},"branchMap":{"0":{"loc":{"start":{"line":12,"column":4},"end":{"line":15,"column":5}},"type":"if","locations":[{"start":{"line":12,"column":4},"end":{"line":15,"column":5}},{"start":{"line":12,"column":4},"end":{"line":15,"column":5}}],"line":12},"1":{"loc":{"start":{"line":17,"column":4},"end":{"line":19,"column":5}},"type":"if","locations":[{"start":{"line":17,"column":4},"end":{"line":19,"column":5}},{"start":{"line":17,"column":4},"end":{"line":19,"column":5}}],"line":17},"2":{"loc":{"start":{"line":23,"column":14},"end":{"line":23,"column":32}},"type":"binary-expr","locations":[{"start":{"line":23,"column":14},"end":{"line":23,"column":24}},{"start":{"line":23,"column":28},"end":{"line":23,"column":32}}],"line":23}},"s":{"0":2,"1":2,"2":2,"3":2,"4":3,"5":3,"6":3,"7":3,"8":3,"9":1,"10":3,"11":3,"12":1,"13":2,"14":2,"15":1,"16":0,"17":0,"18":2,"19":0,"20":0,"21":2},"f":{"0":3,"1":0},"b":{"0":[1,2],"1":[1,2],"2":[2,2]},"_coverageSchema":"332fd63041d2c1bcb487cc26dd0d5f7d97098a6c","hash":"4d62ca24729fc8b14016b27ae1ba7de1d341cbd5"}
,"/home/change/dev/koulu/FullstackMOOC/4/models/blog.js": {"path":"/home/change/dev/koulu/FullstackMOOC/4/models/blog.js","statementMap":{"0":{"start":{"line":1,"column":17},"end":{"line":1,"column":36}},"1":{"start":{"line":3,"column":13},"end":{"line":8,"column":2}},"2":{"start":{"line":10,"column":0},"end":{"line":10,"column":21}}},"fnMap":{},"branchMap":{},"s":{"0":2,"1":2,"2":2},"f":{},"b":{},"_coverageSchema":"332fd63041d2c1bcb487cc26dd0d5f7d97098a6c","hash":"9860061caea4f4c322c33deeb91b405fdec05175"}
,"/home/change/dev/koulu/FullstackMOOC/4/models/user.js": {"path":"/home/change/dev/koulu/FullstackMOOC/4/models/user.js","statementMap":{"0":{"start":{"line":1,"column":17},"end":{"line":1,"column":36}},"1":{"start":{"line":3,"column":13},"end":{"line":9,"column":2}},"2":{"start":{"line":11,"column":0},"end":{"line":11,"column":21}}},"fnMap":{},"branchMap":{},"s":{"0":2,"1":2,"2":2},"f":{},"b":{},"_coverageSchema":"332fd63041d2c1bcb487cc26dd0d5f7d97098a6c","hash":"8759ab4141a4aa6d31cfdab2f6e5576b82af2e7e"}
,"/home/change/dev/koulu/FullstackMOOC/4/tests/test_helper.js": {"path":"/home/change/dev/koulu/FullstackMOOC/4/tests/test_helper.js","statementMap":{"0":{"start":{"line":1,"column":13},"end":{"line":1,"column":38}},"1":{"start":{"line":2,"column":13},"end":{"line":2,"column":38}},"2":{"start":{"line":4,"column":21},"end":{"line":53,"column":1}},"3":{"start":{"line":55,"column":15},"end":{"line":63,"column":1}},"4":{"start":{"line":56,"column":2},"end":{"line":62,"column":3}},"5":{"start":{"line":65,"column":18},"end":{"line":68,"column":1}},"6":{"start":{"line":66,"column":16},"end":{"line":66,"column":35}},"7":{"start":{"line":67,"column":2},"end":{"line":67,"column":26}},"8":{"start":{"line":70,"column":18},"end":{"line":73,"column":1}},"9":{"start":{"line":71,"column":16},"end":{"line":71,"column":35}},"10":{"start":{"line":72,"column":2},"end":{"line":72,"column":14}},"11":{"start":{"line":75,"column":0},"end":{"line":80,"column":1}}},"fnMap":{"0":{"name":"(anonymous_0)","decl":{"start":{"line":55,"column":15},"end":{"line":55,"column":16}},"loc":{"start":{"line":55,"column":25},"end":{"line":63,"column":1}},"line":55},"1":{"name":"(anonymous_1)","decl":{"start":{"line":65,"column":18},"end":{"line":65,"column":19}},"loc":{"start":{"line":65,"column":30},"end":{"line":68,"column":1}},"line":65},"2":{"name":"(anonymous_2)","decl":{"start":{"line":70,"column":18},"end":{"line":70,"column":19}},"loc":{"start":{"line":70,"column":30},"end":{"line":73,"column":1}},"line":70}},"branchMap":{},"s":{"0":2,"1":2,"2":2,"3":2,"4":28,"5":2,"6":4,"7":4,"8":2,"9":6,"10":6,"11":2},"f":{"0":28,"1":4,"2":6},"b":{},"_coverageSchema":"332fd63041d2c1bcb487cc26dd0d5f7d97098a6c","hash":"0829d4fa8fe298899d70ab1f80afd3c51736c441"}
,"/home/change/dev/koulu/FullstackMOOC/4/utils/config.js": {"path":"/home/change/dev/koulu/FullstackMOOC/4/utils/config.js","statementMap":{"0":{"start":{"line":1,"column":0},"end":{"line":3,"column":1}},"1":{"start":{"line":2,"column":2},"end":{"line":2,"column":28}},"2":{"start":{"line":5,"column":11},"end":{"line":5,"column":27}},"3":{"start":{"line":6,"column":15},"end":{"line":6,"column":38}},"4":{"start":{"line":8,"column":0},"end":{"line":11,"column":1}},"5":{"start":{"line":9,"column":2},"end":{"line":9,"column":30}},"6":{"start":{"line":10,"column":2},"end":{"line":10,"column":41}},"7":{"start":{"line":13,"column":0},"end":{"line":16,"column":1}}},"fnMap":{},"branchMap":{"0":{"loc":{"start":{"line":1,"column":0},"end":{"line":3,"column":1}},"type":"if","locations":[{"start":{"line":1,"column":0},"end":{"line":3,"column":1}},{"start":{"line":1,"column":0},"end":{"line":3,"column":1}}],"line":1},"1":{"loc":{"start":{"line":8,"column":0},"end":{"line":11,"column":1}},"type":"if","locations":[{"start":{"line":8,"column":0},"end":{"line":11,"column":1}},{"start":{"line":8,"column":0},"end":{"line":11,"column":1}}],"line":8}},"s":{"0":2,"1":2,"2":2,"3":2,"4":2,"5":2,"6":2,"7":2},"f":{},"b":{"0":[2,0],"1":[2,0]},"_coverageSchema":"332fd63041d2c1bcb487cc26dd0d5f7d97098a6c","hash":"cda65c36f30d21c63d938dd71953f8b5a1e4744e"}
,"/home/change/dev/koulu/FullstackMOOC/4/utils/list_helpers.js": {"path":"/home/change/dev/koulu/FullstackMOOC/4/utils/list_helpers.js","statementMap":{"0":{"start":{"line":1,"column":14},"end":{"line":3,"column":1}},"1":{"start":{"line":2,"column":2},"end":{"line":2,"column":10}},"2":{"start":{"line":5,"column":19},"end":{"line":10,"column":1}},"3":{"start":{"line":6,"column":15},"end":{"line":8,"column":6}},"4":{"start":{"line":7,"column":4},"end":{"line":7,"column":27}},"5":{"start":{"line":9,"column":2},"end":{"line":9,"column":14}},"6":{"start":{"line":12,"column":21},"end":{"line":22,"column":1}},"7":{"start":{"line":13,"column":13},"end":{"line":20,"column":10}},"8":{"start":{"line":14,"column":4},"end":{"line":18,"column":5}},"9":{"start":{"line":15,"column":6},"end":{"line":15,"column":17}},"10":{"start":{"line":16,"column":10},"end":{"line":18,"column":5}},"11":{"start":{"line":17,"column":6},"end":{"line":17,"column":17}},"12":{"start":{"line":19,"column":4},"end":{"line":19,"column":22}},"13":{"start":{"line":21,"column":2},"end":{"line":21,"column":13}},"14":{"start":{"line":24,"column":18},"end":{"line":44,"column":1}},"15":{"start":{"line":25,"column":2},"end":{"line":27,"column":3}},"16":{"start":{"line":26,"column":4},"end":{"line":26,"column":16}},"17":{"start":{"line":28,"column":16},"end":{"line":31,"column":8}},"18":{"start":{"line":29,"column":4},"end":{"line":29,"column":72}},"19":{"start":{"line":30,"column":4},"end":{"line":30,"column":18}},"20":{"start":{"line":34,"column":4},"end":{"line":34,"column":74}},"21":{"start":{"line":34,"column":42},"end":{"line":34,"column":73}},"22":{"start":{"line":36,"column":2},"end":{"line":38,"column":4}},"23":{"start":{"line":37,"column":4},"end":{"line":37,"column":49}},"24":{"start":{"line":39,"column":2},"end":{"line":43,"column":3}},"25":{"start":{"line":40,"column":4},"end":{"line":42,"column":5}},"26":{"start":{"line":41,"column":6},"end":{"line":41,"column":27}},"27":{"start":{"line":45,"column":18},"end":{"line":66,"column":1}},"28":{"start":{"line":46,"column":2},"end":{"line":48,"column":3}},"29":{"start":{"line":47,"column":4},"end":{"line":47,"column":16}},"30":{"start":{"line":49,"column":16},"end":{"line":53,"column":8}},"31":{"start":{"line":50,"column":4},"end":{"line":51,"column":61}},"32":{"start":{"line":52,"column":4},"end":{"line":52,"column":18}},"33":{"start":{"line":56,"column":4},"end":{"line":56,"column":74}},"34":{"start":{"line":56,"column":42},"end":{"line":56,"column":73}},"35":{"start":{"line":58,"column":2},"end":{"line":60,"column":4}},"36":{"start":{"line":59,"column":4},"end":{"line":59,"column":49}},"37":{"start":{"line":61,"column":2},"end":{"line":65,"column":3}},"38":{"start":{"line":62,"column":4},"end":{"line":64,"column":5}},"39":{"start":{"line":63,"column":6},"end":{"line":63,"column":27}},"40":{"start":{"line":67,"column":0},"end":{"line":73,"column":1}}},"fnMap":{"0":{"name":"(anonymous_0)","decl":{"start":{"line":1,"column":14},"end":{"line":1,"column":15}},"loc":{"start":{"line":1,"column":25},"end":{"line":3,"column":1}},"line":1},"1":{"name":"(anonymous_1)","decl":{"start":{"line":5,"column":19},"end":{"line":5,"column":20}},"loc":{"start":{"line":5,"column":30},"end":{"line":10,"column":1}},"line":5},"2":{"name":"(anonymous_2)","decl":{"start":{"line":6,"column":28},"end":{"line":6,"column":29}},"loc":{"start":{"line":6,"column":43},"end":{"line":8,"column":3}},"line":6},"3":{"name":"(anonymous_3)","decl":{"start":{"line":12,"column":21},"end":{"line":12,"column":22}},"loc":{"start":{"line":12,"column":32},"end":{"line":22,"column":1}},"line":12},"4":{"name":"(anonymous_4)","decl":{"start":{"line":13,"column":26},"end":{"line":13,"column":27}},"loc":{"start":{"line":13,"column":49},"end":{"line":20,"column":3}},"line":13},"5":{"name":"(anonymous_5)","decl":{"start":{"line":24,"column":18},"end":{"line":24,"column":19}},"loc":{"start":{"line":24,"column":29},"end":{"line":44,"column":1}},"line":24},"6":{"name":"(anonymous_6)","decl":{"start":{"line":28,"column":29},"end":{"line":28,"column":30}},"loc":{"start":{"line":28,"column":55},"end":{"line":31,"column":3}},"line":28},"7":{"name":"(anonymous_7)","decl":{"start":{"line":34,"column":32},"end":{"line":34,"column":33}},"loc":{"start":{"line":34,"column":42},"end":{"line":34,"column":73}},"line":34},"8":{"name":"(anonymous_8)","decl":{"start":{"line":36,"column":41},"end":{"line":36,"column":42}},"loc":{"start":{"line":36,"column":49},"end":{"line":38,"column":3}},"line":36},"9":{"name":"(anonymous_9)","decl":{"start":{"line":45,"column":18},"end":{"line":45,"column":19}},"loc":{"start":{"line":45,"column":29},"end":{"line":66,"column":1}},"line":45},"10":{"name":"(anonymous_10)","decl":{"start":{"line":49,"column":29},"end":{"line":49,"column":30}},"loc":{"start":{"line":49,"column":55},"end":{"line":53,"column":3}},"line":49},"11":{"name":"(anonymous_11)","decl":{"start":{"line":56,"column":32},"end":{"line":56,"column":33}},"loc":{"start":{"line":56,"column":42},"end":{"line":56,"column":73}},"line":56},"12":{"name":"(anonymous_12)","decl":{"start":{"line":58,"column":41},"end":{"line":58,"column":42}},"loc":{"start":{"line":58,"column":49},"end":{"line":60,"column":3}},"line":58}},"branchMap":{"0":{"loc":{"start":{"line":14,"column":4},"end":{"line":18,"column":5}},"type":"if","locations":[{"start":{"line":14,"column":4},"end":{"line":18,"column":5}},{"start":{"line":14,"column":4},"end":{"line":18,"column":5}}],"line":14},"1":{"loc":{"start":{"line":16,"column":10},"end":{"line":18,"column":5}},"type":"if","locations":[{"start":{"line":16,"column":10},"end":{"line":18,"column":5}},{"start":{"line":16,"column":10},"end":{"line":18,"column":5}}],"line":16},"2":{"loc":{"start":{"line":25,"column":2},"end":{"line":27,"column":3}},"type":"if","locations":[{"start":{"line":25,"column":2},"end":{"line":27,"column":3}},{"start":{"line":25,"column":2},"end":{"line":27,"column":3}}],"line":25},"3":{"loc":{"start":{"line":29,"column":35},"end":{"line":29,"column":67}},"type":"binary-expr","locations":[{"start":{"line":29,"column":35},"end":{"line":29,"column":62}},{"start":{"line":29,"column":66},"end":{"line":29,"column":67}}],"line":29},"4":{"loc":{"start":{"line":34,"column":42},"end":{"line":34,"column":73}},"type":"cond-expr","locations":[{"start":{"line":34,"column":68},"end":{"line":34,"column":69}},{"start":{"line":34,"column":72},"end":{"line":34,"column":73}}],"line":34},"5":{"loc":{"start":{"line":40,"column":4},"end":{"line":42,"column":5}},"type":"if","locations":[{"start":{"line":40,"column":4},"end":{"line":42,"column":5}},{"start":{"line":40,"column":4},"end":{"line":42,"column":5}}],"line":40},"6":{"loc":{"start":{"line":46,"column":2},"end":{"line":48,"column":3}},"type":"if","locations":[{"start":{"line":46,"column":2},"end":{"line":48,"column":3}},{"start":{"line":46,"column":2},"end":{"line":48,"column":3}}],"line":46},"7":{"loc":{"start":{"line":51,"column":8},"end":{"line":51,"column":40}},"type":"binary-expr","locations":[{"start":{"line":51,"column":8},"end":{"line":51,"column":35}},{"start":{"line":51,"column":39},"end":{"line":51,"column":40}}],"line":51},"8":{"loc":{"start":{"line":56,"column":42},"end":{"line":56,"column":73}},"type":"cond-expr","locations":[{"start":{"line":56,"column":68},"end":{"line":56,"column":69}},{"start":{"line":56,"column":72},"end":{"line":56,"column":73}}],"line":56},"9":{"loc":{"start":{"line":62,"column":4},"end":{"line":64,"column":5}},"type":"if","locations":[{"start":{"line":62,"column":4},"end":{"line":64,"column":5}},{"start":{"line":62,"column":4},"end":{"line":64,"column":5}}],"line":62}},"s":{"0":1,"1":1,"2":1,"3":3,"4":7,"5":3,"6":1,"7":2,"8":6,"9":1,"10":5,"11":1,"12":4,"13":2,"14":1,"15":2,"16":1,"17":1,"18":6,"19":6,"20":1,"21":2,"22":1,"23":3,"24":1,"25":3,"26":1,"27":1,"28":2,"29":1,"30":1,"31":6,"32":6,"33":1,"34":2,"35":1,"36":3,"37":1,"38":2,"39":1,"40":1},"f":{"0":1,"1":3,"2":7,"3":2,"4":6,"5":2,"6":6,"7":2,"8":3,"9":2,"10":6,"11":2,"12":3},"b":{"0":[1,5],"1":[1,4],"2":[1,1],"3":[6,3],"4":[0,2],"5":[1,2],"6":[1,1],"7":[6,3],"8":[1,1],"9":[1,1]},"_coverageSchema":"332fd63041d2c1bcb487cc26dd0d5f7d97098a6c","hash":"6ede8a0a315d9fe63962435743295b180a90649b"}
}
