TN:
SF:/home/change/dev/koulu/FullstackMOOC/4/index.js
FN:17,(anonymous_0)
FN:20,(anonymous_1)
FN:28,(anonymous_2)
FN:32,(anonymous_3)
FNF:4
FNH:2
FNDA:2,(anonymous_0)
FNDA:0,(anonymous_1)
FNDA:1,(anonymous_2)
FNDA:0,(anonymous_3)
DA:1,2
DA:2,2
DA:3,2
DA:4,2
DA:5,2
DA:6,2
DA:7,2
DA:8,2
DA:10,2
DA:11,2
DA:12,2
DA:13,2
DA:14,2
DA:16,2
DA:18,2
DA:21,0
DA:24,2
DA:26,2
DA:28,2
DA:29,1
DA:32,2
DA:33,0
DA:36,2
LF:23
LH:21
BRF:0
BRH:0
end_of_record
TN:
SF:/home/change/dev/koulu/FullstackMOOC/4/controllers/blogs.js
FN:4,(anonymous_0)
FN:14,(anonymous_1)
FN:20,(anonymous_2)
FN:38,(anonymous_3)
FN:49,(anonymous_4)
FNF:5
FNH:3
FNDA:14,(anonymous_0)
FNDA:2,(anonymous_1)
FNDA:3,(anonymous_2)
FNDA:0,(anonymous_3)
FNDA:0,(anonymous_4)
DA:1,2
DA:2,2
DA:4,2
DA:5,14
DA:14,2
DA:15,2
DA:16,2
DA:20,2
DA:21,3
DA:22,3
DA:23,3
DA:24,2
DA:26,3
DA:27,1
DA:29,2
DA:30,2
DA:32,0
DA:33,0
DA:38,2
DA:39,0
DA:40,0
DA:43,0
DA:45,0
DA:49,2
DA:50,0
DA:51,0
DA:52,0
DA:53,0
DA:55,0
DA:57,0
DA:58,0
DA:62,2
LF:32
LH:19
BRDA:23,0,0,2
BRDA:23,0,1,1
BRDA:26,1,0,1
BRDA:26,1,1,2
BRDA:26,2,0,3
BRDA:26,2,1,2
BRF:6
BRH:6
end_of_record
TN:
SF:/home/change/dev/koulu/FullstackMOOC/4/controllers/users.js
FN:5,(anonymous_0)
FN:36,(anonymous_1)
FNF:2
FNH:1
FNDA:3,(anonymous_0)
FNDA:0,(anonymous_1)
DA:1,2
DA:2,2
DA:3,2
DA:5,2
DA:6,3
DA:7,3
DA:9,3
DA:10,3
DA:12,3
DA:13,1
DA:16,3
DA:17,3
DA:18,1
DA:20,2
DA:27,2
DA:29,1
DA:31,0
DA:32,0
DA:36,2
DA:37,0
DA:40,0
DA:42,2
LF:22
LH:18
BRDA:12,0,0,1
BRDA:12,0,1,2
BRDA:17,1,0,1
BRDA:17,1,1,2
BRDA:23,2,0,2
BRDA:23,2,1,2
BRF:6
BRH:6
end_of_record
TN:
SF:/home/change/dev/koulu/FullstackMOOC/4/models/blog.js
FNF:0
FNH:0
DA:1,2
DA:3,2
DA:10,2
LF:3
LH:3
BRF:0
BRH:0
end_of_record
TN:
SF:/home/change/dev/koulu/FullstackMOOC/4/models/user.js
FNF:0
FNH:0
DA:1,2
DA:3,2
DA:11,2
LF:3
LH:3
BRF:0
BRH:0
end_of_record
TN:
SF:/home/change/dev/koulu/FullstackMOOC/4/tests/test_helper.js
FN:55,(anonymous_0)
FN:65,(anonymous_1)
FN:70,(anonymous_2)
FNF:3
FNH:3
FNDA:28,(anonymous_0)
FNDA:4,(anonymous_1)
FNDA:6,(anonymous_2)
DA:1,2
DA:2,2
DA:4,2
DA:55,2
DA:56,28
DA:65,2
DA:66,4
DA:67,4
DA:70,2
DA:71,6
DA:72,6
DA:75,2
LF:12
LH:12
BRF:0
BRH:0
end_of_record
TN:
SF:/home/change/dev/koulu/FullstackMOOC/4/utils/config.js
FNF:0
FNH:0
DA:1,2
DA:2,2
DA:5,2
DA:6,2
DA:8,2
DA:9,2
DA:10,2
DA:13,2
LF:8
LH:8
BRDA:1,0,0,2
BRDA:1,0,1,0
BRDA:8,1,0,2
BRDA:8,1,1,0
BRF:4
BRH:2
end_of_record
TN:
SF:/home/change/dev/koulu/FullstackMOOC/4/utils/list_helpers.js
FN:1,(anonymous_0)
FN:5,(anonymous_1)
FN:6,(anonymous_2)
FN:12,(anonymous_3)
FN:13,(anonymous_4)
FN:24,(anonymous_5)
FN:28,(anonymous_6)
FN:34,(anonymous_7)
FN:36,(anonymous_8)
FN:45,(anonymous_9)
FN:49,(anonymous_10)
FN:56,(anonymous_11)
FN:58,(anonymous_12)
FNF:13
FNH:13
FNDA:1,(anonymous_0)
FNDA:3,(anonymous_1)
FNDA:7,(anonymous_2)
FNDA:2,(anonymous_3)
FNDA:6,(anonymous_4)
FNDA:2,(anonymous_5)
FNDA:6,(anonymous_6)
FNDA:2,(anonymous_7)
FNDA:3,(anonymous_8)
FNDA:2,(anonymous_9)
FNDA:6,(anonymous_10)
FNDA:2,(anonymous_11)
FNDA:3,(anonymous_12)
DA:1,1
DA:2,1
DA:5,1
DA:6,3
DA:7,7
DA:9,3
DA:12,1
DA:13,2
DA:14,6
DA:15,1
DA:16,5
DA:17,1
DA:19,4
DA:21,2
DA:24,1
DA:25,2
DA:26,1
DA:28,1
DA:29,6
DA:30,6
DA:34,2
DA:36,1
DA:37,3
DA:39,1
DA:40,3
DA:41,1
DA:45,1
DA:46,2
DA:47,1
DA:49,1
DA:50,6
DA:52,6
DA:56,2
DA:58,1
DA:59,3
DA:61,1
DA:62,2
DA:63,1
DA:67,1
LF:39
LH:39
BRDA:14,0,0,1
BRDA:14,0,1,5
BRDA:16,1,0,1
BRDA:16,1,1,4
BRDA:25,2,0,1
BRDA:25,2,1,1
BRDA:29,3,0,6
BRDA:29,3,1,3
BRDA:34,4,0,0
BRDA:34,4,1,2
BRDA:40,5,0,1
BRDA:40,5,1,2
BRDA:46,6,0,1
BRDA:46,6,1,1
BRDA:51,7,0,6
BRDA:51,7,1,3
BRDA:56,8,0,1
BRDA:56,8,1,1
BRDA:62,9,0,1
BRDA:62,9,1,1
BRF:20
BRH:19
end_of_record
